<?xml version="1.0" encoding="UTF-8"?>
<!-- Generated by org.testng.reporters.JUnitXMLReporter -->
<testsuite ignored="14" hostname="DESKTOP-OD30TCI" failures="1" tests="1" name="Creation Flow(failed)" time="23.683" errors="0" timestamp="2024-07-10T18:27:42 IST">
  <testcase classname="Doocti107_Admin.UserGroupCreatiom" name="@AfterClass Close_usergroup" time="0.045">
    <failure type="org.openqa.selenium.NoSuchWindowException" message="no such window: target window already closed
from unknown error: web view not found
  (Session info: chrome=126.0.6478.127)
Build info: version: &amp;apos;4.16.1&amp;apos;, revision: &amp;apos;9b4c83354e&amp;apos;
System info: os.name: &amp;apos;Windows 11&amp;apos;, os.arch: &amp;apos;amd64&amp;apos;, os.version: &amp;apos;10.0&amp;apos;, java.version: &amp;apos;17.0.4.1&amp;apos;
Driver info: org.openqa.selenium.chrome.ChromeDriver
Command: [f4234843a4c7b3b8e3bb3a5e02998c3e, findElement {using=xpath, value=//div[text()=&amp;apos;Users &amp;amp; Groups&amp;apos;]}]
Capabilities {acceptInsecureCerts: false, browserName: chrome, browserVersion: 126.0.6478.127, chrome: {chromedriverVersion: 126.0.6478.126 (d36ace6122e..., userDataDir: C:\Users\admin\AppData\Loca...}, fedcm:accounts: true, goog:chromeOptions: {debuggerAddress: localhost:58709}, networkConnectionEnabled: false, pageLoadStrategy: normal, platformName: windows, proxy: Proxy(), se:cdp: ws://localhost:58709/devtoo..., se:cdpVersion: 126.0.6478.127, setWindowRect: true, strictFileInteractability: false, timeouts: {implicit: 0, pageLoad: 300000, script: 30000}, unhandledPromptBehavior: dismiss and notify, webauthn:extension:credBlob: true, webauthn:extension:largeBlob: true, webauthn:extension:minPinLength: true, webauthn:extension:prf: true, webauthn:virtualAuthenticators: true}
Session ID: f4234843a4c7b3b8e3bb3a5e02998c3e">
      <![CDATA[org.openqa.selenium.NoSuchWindowException: no such window: target window already closed
from unknown error: web view not found
  (Session info: chrome=126.0.6478.127)
Build info: version: '4.16.1', revision: '9b4c83354e'
System info: os.name: 'Windows 11', os.arch: 'amd64', os.version: '10.0', java.version: '17.0.4.1'
Driver info: org.openqa.selenium.chrome.ChromeDriver
Command: [f4234843a4c7b3b8e3bb3a5e02998c3e, findElement {using=xpath, value=//div[text()='Users & Groups']}]
Capabilities {acceptInsecureCerts: false, browserName: chrome, browserVersion: 126.0.6478.127, chrome: {chromedriverVersion: 126.0.6478.126 (d36ace6122e..., userDataDir: C:\Users\admin\AppData\Loca...}, fedcm:accounts: true, goog:chromeOptions: {debuggerAddress: localhost:58709}, networkConnectionEnabled: false, pageLoadStrategy: normal, platformName: windows, proxy: Proxy(), se:cdp: ws://localhost:58709/devtoo..., se:cdpVersion: 126.0.6478.127, setWindowRect: true, strictFileInteractability: false, timeouts: {implicit: 0, pageLoad: 300000, script: 30000}, unhandledPromptBehavior: dismiss and notify, webauthn:extension:credBlob: true, webauthn:extension:largeBlob: true, webauthn:extension:minPinLength: true, webauthn:extension:prf: true, webauthn:virtualAuthenticators: true}
Session ID: f4234843a4c7b3b8e3bb3a5e02998c3e
at org.openqa.selenium.remote.codec.w3c.W3CHttpResponseCodec.createException(W3CHttpResponseCodec.java:200)
at org.openqa.selenium.remote.codec.w3c.W3CHttpResponseCodec.decode(W3CHttpResponseCodec.java:133)
at org.openqa.selenium.remote.codec.w3c.W3CHttpResponseCodec.decode(W3CHttpResponseCodec.java:52)
at org.openqa.selenium.remote.HttpCommandExecutor.execute(HttpCommandExecutor.java:191)
at org.openqa.selenium.remote.service.DriverCommandExecutor.invokeExecute(DriverCommandExecutor.java:200)
at org.openqa.selenium.remote.service.DriverCommandExecutor.execute(DriverCommandExecutor.java:175)
at org.openqa.selenium.remote.RemoteWebDriver.execute(RemoteWebDriver.java:523)
at org.openqa.selenium.remote.ElementLocation$ElementFinder$2.findElement(ElementLocation.java:165)
at org.openqa.selenium.remote.ElementLocation.findElement(ElementLocation.java:59)
at org.openqa.selenium.remote.RemoteWebDriver.findElement(RemoteWebDriver.java:360)
at org.openqa.selenium.remote.RemoteWebDriver.findElement(RemoteWebDriver.java:354)
at Doocti107_Admin.UserGroupCreatiom.Close_usergroup(UserGroupCreatiom.java:32)
at java.base/java.util.ArrayList.forEach(ArrayList.java:1511)
... Removed 30 stack frames]]>
    </failure>
  </testcase> <!-- @AfterClass Close_usergroup -->
  <testcase classname="Doocti107_Admin.UserGroupCreatiom" name="Create_Team" time="14.646">
    <failure type="org.openqa.selenium.NoSuchElementException" message="Unable to find element with locator By.xpath: //div[text()=&amp;apos;Test Source&amp;apos;]
For documentation on this error, please visit: https://www.selenium.dev/documentation/webdriver/troubleshooting/errors#no-such-element-exception
Build info: version: &amp;apos;4.16.1&amp;apos;, revision: &amp;apos;9b4c83354e&amp;apos;
System info: os.name: &amp;apos;Windows 11&amp;apos;, os.arch: &amp;apos;amd64&amp;apos;, os.version: &amp;apos;10.0&amp;apos;, java.version: &amp;apos;17.0.4.1&amp;apos;
Driver info: driver.version: RemoteWebDriver">
      <![CDATA[org.openqa.selenium.NoSuchElementException: Unable to find element with locator By.xpath: //div[text()='Test Source']
For documentation on this error, please visit: https://www.selenium.dev/documentation/webdriver/troubleshooting/errors#no-such-element-exception
Build info: version: '4.16.1', revision: '9b4c83354e'
System info: os.name: 'Windows 11', os.arch: 'amd64', os.version: '10.0', java.version: '17.0.4.1'
Driver info: driver.version: RemoteWebDriver
at org.openqa.selenium.remote.ElementLocation$ElementFinder$2.findElement(ElementLocation.java:168)
at org.openqa.selenium.remote.ElementLocation.findElement(ElementLocation.java:59)
at org.openqa.selenium.remote.RemoteWebDriver.findElement(RemoteWebDriver.java:360)
at org.openqa.selenium.remote.RemoteWebDriver.findElement(RemoteWebDriver.java:354)
at Doocti107_Admin.UserGroupCreatiom.Create_Team(UserGroupCreatiom.java:160)
at java.base/java.util.ArrayList.forEach(ArrayList.java:1511)
... Removed 27 stack frames]]>
    </failure>
  </testcase> <!-- Create_Team -->
  <testcase classname="Doocti107_Admin.UserGroupCreatiom" name="Delete_Channel" time="0.0">
    <ignored/>
  </testcase> <!-- Delete_Channel -->
  <testcase classname="Doocti107_Admin.UserGroupCreatiom" name="Delete_Team" time="0.0">
    <ignored/>
  </testcase> <!-- Delete_Team -->
  <testcase classname="Doocti107_Admin.UserGroupCreatiom" name="Update_User" time="0.0">
    <ignored/>
  </testcase> <!-- Update_User -->
  <testcase classname="Doocti107_Admin.UserGroupCreatiom" name="Create_Source" time="0.0">
    <ignored/>
  </testcase> <!-- Create_Source -->
  <testcase classname="Doocti107_Admin.UserGroupCreatiom" name="Delete_Usergroup" time="0.0">
    <ignored/>
  </testcase> <!-- Delete_Usergroup -->
  <testcase classname="Doocti107_Admin.UserGroupCreatiom" name="Delete_User" time="0.0">
    <ignored/>
  </testcase> <!-- Delete_User -->
  <testcase classname="Doocti107_Admin.UserGroupCreatiom" name="Create_User" time="0.0">
    <ignored/>
  </testcase> <!-- Create_User -->
  <testcase classname="Doocti107_Admin.UserGroupCreatiom" name="Update_Team" time="0.0">
    <ignored/>
  </testcase> <!-- Update_Team -->
  <testcase classname="Doocti107_Admin.UserGroupCreatiom" name="Delete_Source" time="0.0">
    <ignored/>
  </testcase> <!-- Delete_Source -->
  <testcase classname="Doocti107_Admin.UserGroupCreatiom" name="Update_Usergroups" time="0.0">
    <ignored/>
  </testcase> <!-- Update_Usergroups -->
  <testcase classname="Doocti107_Admin.UserGroupCreatiom" name="Update_Source" time="0.0">
    <ignored/>
  </testcase> <!-- Update_Source -->
  <testcase classname="Doocti107_Admin.UserGroupCreatiom" name="Update_Channel" time="0.0">
    <ignored/>
  </testcase> <!-- Update_Channel -->
  <testcase classname="Doocti107_Admin.UserGroupCreatiom" name="Create_Usergroup" time="0.0">
    <ignored/>
  </testcase> <!-- Create_Usergroup -->
  <testcase classname="Doocti107_Admin.UserGroupCreatiom" name="Create_Channel" time="0.0">
    <ignored/>
  </testcase> <!-- Create_Channel -->
</testsuite> <!-- Creation Flow(failed) -->
