<?xml version="1.0" encoding="UTF-8"?>
<!-- Generated by org.testng.reporters.JUnitXMLReporter -->
<testsuite ignored="22" hostname="DESKTOP-AJNVIH5" failures="0" tests="1" name="Default test" time="39.965" errors="0" timestamp="2024-06-06T17:57:23 IST">
  <testcase classname="DooctiAdmin.SeleniumBase" name="@BeforeTest setUp" time="39.83">
    <failure type="org.openqa.selenium.NoSuchElementException" message="no such element: Unable to locate element: {&amp;quot;method&amp;quot;:&amp;quot;xpath&amp;quot;,&amp;quot;selector&amp;quot;:&amp;quot;//i[@title=&amp;apos;Sign Out&amp;apos;]&amp;quot;}
  (Session info: chrome=124.0.6367.91)
For documentation on this error, please visit: https://www.selenium.dev/documentation/webdriver/troubleshooting/errors#no-such-element-exception
Build info: version: &amp;apos;4.16.1&amp;apos;, revision: &amp;apos;9b4c83354e&amp;apos;
System info: os.name: &amp;apos;Windows 10&amp;apos;, os.arch: &amp;apos;amd64&amp;apos;, os.version: &amp;apos;10.0&amp;apos;, java.version: &amp;apos;17.0.8.1&amp;apos;
Driver info: org.openqa.selenium.chrome.ChromeDriver
Command: [df94157ddf61fb8ca619aa57f23cb1f6, findElement {using=xpath, value=//i[@title=&amp;apos;Sign Out&amp;apos;]}]
Capabilities {acceptInsecureCerts: false, browserName: chrome, browserVersion: 124.0.6367.91, chrome: {chromedriverVersion: 124.0.6367.207 (a9001a6e39f..., userDataDir: C:\Users\User\AppData\Local...}, fedcm:accounts: true, goog:chromeOptions: {debuggerAddress: localhost:59390}, networkConnectionEnabled: false, pageLoadStrategy: normal, platformName: windows, proxy: Proxy(), se:cdp: ws://localhost:59390/devtoo..., se:cdpVersion: 124.0.6367.91, setWindowRect: true, strictFileInteractability: false, timeouts: {implicit: 0, pageLoad: 300000, script: 30000}, unhandledPromptBehavior: dismiss and notify, webauthn:extension:credBlob: true, webauthn:extension:largeBlob: true, webauthn:extension:minPinLength: true, webauthn:extension:prf: true, webauthn:virtualAuthenticators: true}
Session ID: df94157ddf61fb8ca619aa57f23cb1f6">
      <![CDATA[org.openqa.selenium.NoSuchElementException: no such element: Unable to locate element: {"method":"xpath","selector":"//i[@title='Sign Out']"}
  (Session info: chrome=124.0.6367.91)
For documentation on this error, please visit: https://www.selenium.dev/documentation/webdriver/troubleshooting/errors#no-such-element-exception
Build info: version: '4.16.1', revision: '9b4c83354e'
System info: os.name: 'Windows 10', os.arch: 'amd64', os.version: '10.0', java.version: '17.0.8.1'
Driver info: org.openqa.selenium.chrome.ChromeDriver
Command: [df94157ddf61fb8ca619aa57f23cb1f6, findElement {using=xpath, value=//i[@title='Sign Out']}]
Capabilities {acceptInsecureCerts: false, browserName: chrome, browserVersion: 124.0.6367.91, chrome: {chromedriverVersion: 124.0.6367.207 (a9001a6e39f..., userDataDir: C:\Users\User\AppData\Local...}, fedcm:accounts: true, goog:chromeOptions: {debuggerAddress: localhost:59390}, networkConnectionEnabled: false, pageLoadStrategy: normal, platformName: windows, proxy: Proxy(), se:cdp: ws://localhost:59390/devtoo..., se:cdpVersion: 124.0.6367.91, setWindowRect: true, strictFileInteractability: false, timeouts: {implicit: 0, pageLoad: 300000, script: 30000}, unhandledPromptBehavior: dismiss and notify, webauthn:extension:credBlob: true, webauthn:extension:largeBlob: true, webauthn:extension:minPinLength: true, webauthn:extension:prf: true, webauthn:virtualAuthenticators: true}
Session ID: df94157ddf61fb8ca619aa57f23cb1f6
at java.base/jdk.internal.reflect.NativeConstructorAccessorImpl.newInstance0(Native Method)
at java.base/jdk.internal.reflect.NativeConstructorAccessorImpl.newInstance(NativeConstructorAccessorImpl.java:77)
at java.base/jdk.internal.reflect.DelegatingConstructorAccessorImpl.newInstance(DelegatingConstructorAccessorImpl.java:45)
at java.base/java.lang.reflect.Constructor.newInstanceWithCaller(Constructor.java:499)
at java.base/java.lang.reflect.Constructor.newInstance(Constructor.java:480)
at org.openqa.selenium.remote.codec.w3c.W3CHttpResponseCodec.createException(W3CHttpResponseCodec.java:200)
at org.openqa.selenium.remote.codec.w3c.W3CHttpResponseCodec.decode(W3CHttpResponseCodec.java:133)
at org.openqa.selenium.remote.codec.w3c.W3CHttpResponseCodec.decode(W3CHttpResponseCodec.java:52)
at org.openqa.selenium.remote.HttpCommandExecutor.execute(HttpCommandExecutor.java:191)
at org.openqa.selenium.remote.service.DriverCommandExecutor.invokeExecute(DriverCommandExecutor.java:200)
at org.openqa.selenium.remote.service.DriverCommandExecutor.execute(DriverCommandExecutor.java:175)
at org.openqa.selenium.remote.RemoteWebDriver.execute(RemoteWebDriver.java:523)
at org.openqa.selenium.remote.ElementLocation$ElementFinder$2.findElement(ElementLocation.java:165)
at org.openqa.selenium.remote.ElementLocation.findElement(ElementLocation.java:59)
at org.openqa.selenium.remote.RemoteWebDriver.findElement(RemoteWebDriver.java:360)
at org.openqa.selenium.remote.RemoteWebDriver.findElement(RemoteWebDriver.java:354)
at DooctiAdmin.SeleniumBase.element(SeleniumBase.java:162)
at DooctiAdmin.SeleniumBase.setUp(SeleniumBase.java:71)
at java.base/jdk.internal.reflect.NativeMethodAccessorImpl.invoke0(Native Method)
at java.base/jdk.internal.reflect.NativeMethodAccessorImpl.invoke(NativeMethodAccessorImpl.java:77)
at java.base/jdk.internal.reflect.DelegatingMethodAccessorImpl.invoke(DelegatingMethodAccessorImpl.java:43)
at java.base/java.lang.reflect.Method.invoke(Method.java:568)
at org.testng.internal.MethodInvocationHelper.invokeMethod(MethodInvocationHelper.java:133)
at org.testng.internal.MethodInvocationHelper.invokeMethodConsideringTimeout(MethodInvocationHelper.java:62)
at org.testng.internal.ConfigInvoker.invokeConfigurationMethod(ConfigInvoker.java:385)
at org.testng.internal.ConfigInvoker.invokeConfigurations(ConfigInvoker.java:321)
at org.testng.TestRunner.invokeTestConfigurations(TestRunner.java:637)
at org.testng.TestRunner.beforeRun(TestRunner.java:627)
at org.testng.TestRunner.run(TestRunner.java:589)
at org.testng.SuiteRunner.runTest(SuiteRunner.java:377)
at org.testng.SuiteRunner.runSequentially(SuiteRunner.java:371)
at org.testng.SuiteRunner.privateRun(SuiteRunner.java:332)
at org.testng.SuiteRunner.run(SuiteRunner.java:276)
at org.testng.SuiteRunnerWorker.runSuite(SuiteRunnerWorker.java:53)
at org.testng.SuiteRunnerWorker.run(SuiteRunnerWorker.java:96)
at org.testng.TestNG.runSuitesSequentially(TestNG.java:1212)
at org.testng.TestNG.runSuitesLocally(TestNG.java:1134)
at org.testng.TestNG.runSuites(TestNG.java:1063)
at org.testng.TestNG.run(TestNG.java:1031)
at org.testng.remote.AbstractRemoteTestNG.run(AbstractRemoteTestNG.java:115)
at org.testng.remote.RemoteTestNG.initAndRun(RemoteTestNG.java:251)
at org.testng.remote.RemoteTestNG.main(RemoteTestNG.java:77)
]]>
    </failure>
  </testcase> <!-- @BeforeTest setUp -->
  <testcase classname="Doocti107_Admin.Configu_Createion" name="@BeforeMethod openConfig" time="-1.717676843742E9">
    <skipped/>
  </testcase> <!-- @BeforeMethod openConfig -->
  <testcase classname="Doocti107_Admin.Configu_Createion" name="@AfterMethod closeConfig" time="-1.717676843758E9">
    <skipped/>
  </testcase> <!-- @AfterMethod closeConfig -->
  <testcase classname="DooctiAdmin.SeleniumBase" name="@AfterTest setDown" time="-1.717676843778E9">
    <skipped/>
  </testcase> <!-- @AfterTest setDown -->
  <testcase classname="Doocti107_Admin.Configu_Createion" name="create_Schedule" time="0.0">
    <skipped/>
  </testcase> <!-- create_Schedule -->
  <testcase classname="Doocti107_Admin.Configu_Createion" name="create_DispowithAction" time="0.0">
    <ignored/>
  </testcase> <!-- create_DispowithAction -->
  <testcase classname="Doocti107_Admin.Configu_Createion" name="create_Remainder" time="0.0">
    <ignored/>
  </testcase> <!-- create_Remainder -->
  <testcase classname="Doocti107_Admin.Configu_Createion" name="create_ScriptText" time="0.0">
    <ignored/>
  </testcase> <!-- create_ScriptText -->
  <testcase classname="Doocti107_Admin.Configu_Createion" name="upload_Blocklist" time="0.0">
    <ignored/>
  </testcase> <!-- upload_Blocklist -->
  <testcase classname="Doocti107_Admin.Configu_Createion" name="create_DispowithoutAction" time="0.0">
    <ignored/>
  </testcase> <!-- create_DispowithoutAction -->
  <testcase classname="Doocti107_Admin.Configu_Createion" name="create_SLA" time="0.0">
    <ignored/>
  </testcase> <!-- create_SLA -->
  <testcase classname="Doocti107_Admin.Configu_Createion" name="create_InboundwithBlklist" time="0.0">
    <ignored/>
  </testcase> <!-- create_InboundwithBlklist -->
  <testcase classname="Doocti107_Admin.Configu_Createion" name="create_InboundwithoutBlklist" time="0.0">
    <ignored/>
  </testcase> <!-- create_InboundwithoutBlklist -->
  <testcase classname="Doocti107_Admin.Configu_Createion" name="create_LeadStatuswithoutClosed" time="0.0">
    <ignored/>
  </testcase> <!-- create_LeadStatuswithoutClosed -->
  <testcase classname="Doocti107_Admin.Configu_Createion" name="create_TicketStatuswithClosed" time="0.0">
    <ignored/>
  </testcase> <!-- create_TicketStatuswithClosed -->
  <testcase classname="Doocti107_Admin.Configu_Createion" name="upload_DID" time="0.0">
    <ignored/>
  </testcase> <!-- upload_DID -->
  <testcase classname="Doocti107_Admin.Configu_Createion" name="create_Queue" time="0.0">
    <ignored/>
  </testcase> <!-- create_Queue -->
  <testcase classname="Doocti107_Admin.Configu_Createion" name="create_PauseCode" time="0.0">
    <ignored/>
  </testcase> <!-- create_PauseCode -->
  <testcase classname="Doocti107_Admin.Configu_Createion" name="upload_DNC" time="0.0">
    <ignored/>
  </testcase> <!-- upload_DNC -->
  <testcase classname="Doocti107_Admin.Configu_Createion" name="create_Announcement" time="0.0">
    <ignored/>
  </testcase> <!-- create_Announcement -->
  <testcase classname="Doocti107_Admin.Configu_Createion" name="create_DID" time="0.0">
    <ignored/>
  </testcase> <!-- create_DID -->
  <testcase classname="Doocti107_Admin.Configu_Createion" name="create_Subdispo" time="0.0">
    <ignored/>
  </testcase> <!-- create_Subdispo -->
  <testcase classname="Doocti107_Admin.Configu_Createion" name="upload_Audio" time="0.0">
    <ignored/>
  </testcase> <!-- upload_Audio -->
  <testcase classname="Doocti107_Admin.Configu_Createion" name="create_LeadStatuswithClosed" time="0.0">
    <ignored/>
  </testcase> <!-- create_LeadStatuswithClosed -->
  <testcase classname="Doocti107_Admin.Configu_Createion" name="create_ScriptURL" time="0.0">
    <ignored/>
  </testcase> <!-- create_ScriptURL -->
  <testcase classname="Doocti107_Admin.Configu_Createion" name="create_TicketStatuswithoutClosed" time="0.0">
    <ignored/>
  </testcase> <!-- create_TicketStatuswithoutClosed -->
  <testcase classname="Doocti107_Admin.Configu_Createion" name="create_Tag" time="0.0">
    <ignored/>
  </testcase> <!-- create_Tag -->
</testsuite> <!-- Default test -->
