<?xml version="1.0" encoding="UTF-8"?>
<!-- Generated by org.testng.reporters.JUnitXMLReporter -->
<testsuite ignored="1" hostname="DESKTOP-AJNVIH5" failures="2" tests="28" name="Flow Test" time="84.779" errors="0" timestamp="2024-06-07T14:19:28 IST">
  <testcase classname="Doocti107_Admin.Configu_Createion" name="@AfterMethod closeConfig" time="0.072">
    <failure type="org.openqa.selenium.WebDriverException" message="disconnected: not connected to DevTools
  (failed to check if window was closed: disconnected: not connected to DevTools)
  (Session info: chrome=124.0.6367.91)
Build info: version: &amp;apos;4.16.1&amp;apos;, revision: &amp;apos;9b4c83354e&amp;apos;
System info: os.name: &amp;apos;Windows 10&amp;apos;, os.arch: &amp;apos;amd64&amp;apos;, os.version: &amp;apos;10.0&amp;apos;, java.version: &amp;apos;17.0.11&amp;apos;
Driver info: org.openqa.selenium.chrome.ChromeDriver
Command: [00c5da3759a2e14e1f5f1931bca182c8, findElement {using=xpath, value=//div[text()=&amp;apos;Configurations&amp;apos;]}]
Capabilities {acceptInsecureCerts: false, browserName: chrome, browserVersion: 124.0.6367.91, chrome: {chromedriverVersion: 124.0.6367.207 (a9001a6e39f..., userDataDir: C:\Users\User\AppData\Local...}, fedcm:accounts: true, goog:chromeOptions: {debuggerAddress: localhost:64457}, networkConnectionEnabled: false, pageLoadStrategy: normal, platformName: windows, proxy: Proxy(), se:cdp: ws://localhost:64457/devtoo..., se:cdpVersion: 124.0.6367.91, setWindowRect: true, strictFileInteractability: false, timeouts: {implicit: 0, pageLoad: 300000, script: 30000}, unhandledPromptBehavior: dismiss and notify, webauthn:extension:credBlob: true, webauthn:extension:largeBlob: true, webauthn:extension:minPinLength: true, webauthn:extension:prf: true, webauthn:virtualAuthenticators: true}
Session ID: 00c5da3759a2e14e1f5f1931bca182c8">
      <![CDATA[org.openqa.selenium.WebDriverException: disconnected: not connected to DevTools
  (failed to check if window was closed: disconnected: not connected to DevTools)
  (Session info: chrome=124.0.6367.91)
Build info: version: '4.16.1', revision: '9b4c83354e'
System info: os.name: 'Windows 10', os.arch: 'amd64', os.version: '10.0', java.version: '17.0.11'
Driver info: org.openqa.selenium.chrome.ChromeDriver
Command: [00c5da3759a2e14e1f5f1931bca182c8, findElement {using=xpath, value=//div[text()='Configurations']}]
Capabilities {acceptInsecureCerts: false, browserName: chrome, browserVersion: 124.0.6367.91, chrome: {chromedriverVersion: 124.0.6367.207 (a9001a6e39f..., userDataDir: C:\Users\User\AppData\Local...}, fedcm:accounts: true, goog:chromeOptions: {debuggerAddress: localhost:64457}, networkConnectionEnabled: false, pageLoadStrategy: normal, platformName: windows, proxy: Proxy(), se:cdp: ws://localhost:64457/devtoo..., se:cdpVersion: 124.0.6367.91, setWindowRect: true, strictFileInteractability: false, timeouts: {implicit: 0, pageLoad: 300000, script: 30000}, unhandledPromptBehavior: dismiss and notify, webauthn:extension:credBlob: true, webauthn:extension:largeBlob: true, webauthn:extension:minPinLength: true, webauthn:extension:prf: true, webauthn:virtualAuthenticators: true}
Session ID: 00c5da3759a2e14e1f5f1931bca182c8
at org.openqa.selenium.remote.codec.w3c.W3CHttpResponseCodec.createException(W3CHttpResponseCodec.java:200)
at org.openqa.selenium.remote.codec.w3c.W3CHttpResponseCodec.decode(W3CHttpResponseCodec.java:133)
at org.openqa.selenium.remote.codec.w3c.W3CHttpResponseCodec.decode(W3CHttpResponseCodec.java:52)
at org.openqa.selenium.remote.HttpCommandExecutor.execute(HttpCommandExecutor.java:191)
at org.openqa.selenium.remote.service.DriverCommandExecutor.invokeExecute(DriverCommandExecutor.java:200)
at org.openqa.selenium.remote.service.DriverCommandExecutor.execute(DriverCommandExecutor.java:175)
at org.openqa.selenium.remote.RemoteWebDriver.execute(RemoteWebDriver.java:523)
at org.openqa.selenium.remote.ElementLocation$ElementFinder$2.findElement(ElementLocation.java:165)
at org.openqa.selenium.remote.ElementLocation.findElement(ElementLocation.java:59)
at org.openqa.selenium.remote.RemoteWebDriver.findElement(RemoteWebDriver.java:360)
at org.openqa.selenium.remote.RemoteWebDriver.findElement(RemoteWebDriver.java:354)
at Doocti107_Admin.Configu_Createion.closeConfig(Configu_Createion.java:22)
at java.base/java.util.ArrayList.forEach(ArrayList.java:1511)
... Removed 37 stack frames]]>
    </failure>
  </testcase> <!-- @AfterMethod closeConfig -->
  <testcase classname="Doocti107_Admin.Configu_Createion" name="@BeforeMethod openConfig" time="-1.717750167848E9">
    <skipped/>
  </testcase> <!-- @BeforeMethod openConfig -->
  <testcase classname="Doocti107_Admin.Configu_Createion" name="@AfterMethod closeConfig" time="-1.717750167864E9">
    <skipped/>
  </testcase> <!-- @AfterMethod closeConfig -->
  <testcase classname="Doocti107_Admin.Configu_Createion" name="@BeforeMethod openConfig" time="-1.717750167882E9">
    <skipped/>
  </testcase> <!-- @BeforeMethod openConfig -->
  <testcase classname="Doocti107_Admin.Configu_Createion" name="@AfterMethod closeConfig" time="-1.717750167898E9">
    <skipped/>
  </testcase> <!-- @AfterMethod closeConfig -->
  <testcase classname="Doocti107_Admin.Configu_Createion" name="@BeforeMethod openConfig" time="-1.717750167903E9">
    <skipped/>
  </testcase> <!-- @BeforeMethod openConfig -->
  <testcase classname="Doocti107_Admin.Configu_Createion" name="@AfterMethod closeConfig" time="-1.717750167936E9">
    <skipped/>
  </testcase> <!-- @AfterMethod closeConfig -->
  <testcase classname="Doocti107_Admin.Configu_Createion" name="@BeforeMethod openConfig" time="-1.717750167962E9">
    <skipped/>
  </testcase> <!-- @BeforeMethod openConfig -->
  <testcase classname="Doocti107_Admin.Configu_Createion" name="@AfterMethod closeConfig" time="-1.717750167993E9">
    <skipped/>
  </testcase> <!-- @AfterMethod closeConfig -->
  <testcase classname="Doocti107_Admin.Configu_Createion" name="@BeforeMethod openConfig" time="-1.717750167998E9">
    <skipped/>
  </testcase> <!-- @BeforeMethod openConfig -->
  <testcase classname="Doocti107_Admin.Configu_Createion" name="@AfterMethod closeConfig" time="-1.717750168038E9">
    <skipped/>
  </testcase> <!-- @AfterMethod closeConfig -->
  <testcase classname="Doocti107_Admin.Configu_Createion" name="@BeforeMethod openConfig" time="-1.717750168047E9">
    <skipped/>
  </testcase> <!-- @BeforeMethod openConfig -->
  <testcase classname="Doocti107_Admin.Configu_Createion" name="@AfterMethod closeConfig" time="-1.717750168063E9">
    <skipped/>
  </testcase> <!-- @AfterMethod closeConfig -->
  <testcase classname="Doocti107_Admin.Configu_Createion" name="@BeforeMethod openConfig" time="-1.717750168079E9">
    <skipped/>
  </testcase> <!-- @BeforeMethod openConfig -->
  <testcase classname="Doocti107_Admin.Configu_Createion" name="@AfterMethod closeConfig" time="-1.717750168088E9">
    <skipped/>
  </testcase> <!-- @AfterMethod closeConfig -->
  <testcase classname="Doocti107_Admin.Configu_Createion" name="@BeforeMethod openConfig" time="-1.717750168099E9">
    <skipped/>
  </testcase> <!-- @BeforeMethod openConfig -->
  <testcase classname="Doocti107_Admin.Configu_Createion" name="@AfterMethod closeConfig" time="-1.717750168112E9">
    <skipped/>
  </testcase> <!-- @AfterMethod closeConfig -->
  <testcase classname="Doocti107_Admin.Configu_Createion" name="@BeforeMethod openConfig" time="-1.717750168117E9">
    <skipped/>
  </testcase> <!-- @BeforeMethod openConfig -->
  <testcase classname="Doocti107_Admin.Configu_Createion" name="@AfterMethod closeConfig" time="-1.717750168151E9">
    <skipped/>
  </testcase> <!-- @AfterMethod closeConfig -->
  <testcase classname="Doocti107_Admin.Configu_Createion" name="@BeforeMethod openConfig" time="-1.717750168161E9">
    <skipped/>
  </testcase> <!-- @BeforeMethod openConfig -->
  <testcase classname="Doocti107_Admin.Configu_Createion" name="@AfterMethod closeConfig" time="-1.717750168184E9">
    <skipped/>
  </testcase> <!-- @AfterMethod closeConfig -->
  <testcase classname="Doocti107_Admin.Configu_Createion" name="@BeforeMethod openConfig" time="-1.717750168188E9">
    <skipped/>
  </testcase> <!-- @BeforeMethod openConfig -->
  <testcase classname="Doocti107_Admin.Configu_Createion" name="@AfterMethod closeConfig" time="-1.71775016823E9">
    <skipped/>
  </testcase> <!-- @AfterMethod closeConfig -->
  <testcase classname="Doocti107_Admin.Configu_Createion" name="@BeforeMethod openConfig" time="-1.717750168233E9">
    <skipped/>
  </testcase> <!-- @BeforeMethod openConfig -->
  <testcase classname="Doocti107_Admin.Configu_Createion" name="@AfterMethod closeConfig" time="-1.717750168249E9">
    <skipped/>
  </testcase> <!-- @AfterMethod closeConfig -->
  <testcase classname="Doocti107_Admin.Configu_Createion" name="@BeforeMethod openConfig" time="-1.717750168263E9">
    <skipped/>
  </testcase> <!-- @BeforeMethod openConfig -->
  <testcase classname="Doocti107_Admin.Configu_Createion" name="@AfterMethod closeConfig" time="-1.717750168272E9">
    <skipped/>
  </testcase> <!-- @AfterMethod closeConfig -->
  <testcase classname="Doocti107_Admin.Configu_Createion" name="@BeforeMethod openConfig" time="-1.717750168283E9">
    <skipped/>
  </testcase> <!-- @BeforeMethod openConfig -->
  <testcase classname="Doocti107_Admin.Configu_Createion" name="@AfterMethod closeConfig" time="-1.717750168294E9">
    <skipped/>
  </testcase> <!-- @AfterMethod closeConfig -->
  <testcase classname="Doocti107_Admin.Configu_Createion" name="@BeforeMethod openConfig" time="-1.717750168297E9">
    <skipped/>
  </testcase> <!-- @BeforeMethod openConfig -->
  <testcase classname="Doocti107_Admin.Configu_Createion" name="@AfterMethod closeConfig" time="-1.717750168304E9">
    <skipped/>
  </testcase> <!-- @AfterMethod closeConfig -->
  <testcase classname="Doocti107_Admin.Configu_Createion" name="@BeforeMethod openConfig" time="-1.717750168316E9">
    <skipped/>
  </testcase> <!-- @BeforeMethod openConfig -->
  <testcase classname="Doocti107_Admin.Configu_Createion" name="@AfterMethod closeConfig" time="-1.717750168329E9">
    <skipped/>
  </testcase> <!-- @AfterMethod closeConfig -->
  <testcase classname="Doocti107_Admin.Configu_Createion" name="@BeforeMethod openConfig" time="-1.717750168344E9">
    <skipped/>
  </testcase> <!-- @BeforeMethod openConfig -->
  <testcase classname="Doocti107_Admin.Configu_Createion" name="@AfterMethod closeConfig" time="-1.717750168349E9">
    <skipped/>
  </testcase> <!-- @AfterMethod closeConfig -->
  <testcase classname="Doocti107_Admin.Configu_Createion" name="@BeforeMethod openConfig" time="-1.717750168354E9">
    <skipped/>
  </testcase> <!-- @BeforeMethod openConfig -->
  <testcase classname="Doocti107_Admin.Configu_Createion" name="@AfterMethod closeConfig" time="-1.717750168367E9">
    <skipped/>
  </testcase> <!-- @AfterMethod closeConfig -->
  <testcase classname="Doocti107_Admin.Configu_Createion" name="@BeforeMethod openConfig" time="-1.717750168369E9">
    <skipped/>
  </testcase> <!-- @BeforeMethod openConfig -->
  <testcase classname="Doocti107_Admin.Configu_Createion" name="@AfterMethod closeConfig" time="-1.717750168378E9">
    <skipped/>
  </testcase> <!-- @AfterMethod closeConfig -->
  <testcase classname="Doocti107_Admin.Configu_Createion" name="@BeforeMethod openConfig" time="-1.71775016838E9">
    <skipped/>
  </testcase> <!-- @BeforeMethod openConfig -->
  <testcase classname="Doocti107_Admin.Configu_Createion" name="@AfterMethod closeConfig" time="-1.717750168386E9">
    <skipped/>
  </testcase> <!-- @AfterMethod closeConfig -->
  <testcase classname="Doocti107_Admin.Configu_Createion" name="@BeforeMethod openConfig" time="-1.717750168389E9">
    <skipped/>
  </testcase> <!-- @BeforeMethod openConfig -->
  <testcase classname="Doocti107_Admin.Configu_Createion" name="@AfterMethod closeConfig" time="-1.717750168397E9">
    <skipped/>
  </testcase> <!-- @AfterMethod closeConfig -->
  <testcase classname="Doocti107_Admin.Configu_Createion" name="@BeforeMethod openConfig" time="-1.7177501684E9">
    <skipped/>
  </testcase> <!-- @BeforeMethod openConfig -->
  <testcase classname="Doocti107_Admin.Configu_Createion" name="@AfterMethod closeConfig" time="-1.717750168404E9">
    <skipped/>
  </testcase> <!-- @AfterMethod closeConfig -->
  <testcase classname="Doocti107_Admin.Configu_Createion" name="@BeforeMethod openConfig" time="-1.717750168411E9">
    <skipped/>
  </testcase> <!-- @BeforeMethod openConfig -->
  <testcase classname="Doocti107_Admin.Configu_Createion" name="@AfterMethod closeConfig" time="-1.717750168419E9">
    <skipped/>
  </testcase> <!-- @AfterMethod closeConfig -->
  <testcase classname="Doocti107_Admin.Configu_Createion" name="@BeforeMethod openConfig" time="-1.717750168429E9">
    <skipped/>
  </testcase> <!-- @BeforeMethod openConfig -->
  <testcase classname="Doocti107_Admin.Configu_Createion" name="@AfterMethod closeConfig" time="-1.71775016845E9">
    <skipped/>
  </testcase> <!-- @AfterMethod closeConfig -->
  <testcase classname="DooctiAdmin.SeleniumBase" name="@AfterTest setDown" time="-1.717750168458E9">
    <skipped/>
  </testcase> <!-- @AfterTest setDown -->
  <testcase classname="Doocti107_Admin.Configu_Createion" name="create_Queue" time="3.981"/>
  <testcase classname="Doocti107_Admin.Configu_Createion" name="create_DispowithAction" time="7.738"/>
  <testcase classname="Doocti107_Admin.Configu_Createion" name="create_DispowithoutAction" time="4.756">
    <failure type="org.openqa.selenium.ElementClickInterceptedException" message="element click intercepted: Element &amp;lt;div class=&amp;quot;v-btn__content&amp;quot;&amp;gt;...&amp;lt;/div&amp;gt; is not clickable at point (881, 476). Other element would receive the click: &amp;lt;div class=&amp;quot;v-card__actions modal-footer--sticky&amp;quot;&amp;gt;...&amp;lt;/div&amp;gt;
  (Session info: chrome=124.0.6367.91)
Build info: version: &amp;apos;4.16.1&amp;apos;, revision: &amp;apos;9b4c83354e&amp;apos;
System info: os.name: &amp;apos;Windows 10&amp;apos;, os.arch: &amp;apos;amd64&amp;apos;, os.version: &amp;apos;10.0&amp;apos;, java.version: &amp;apos;17.0.11&amp;apos;
Driver info: org.openqa.selenium.chrome.ChromeDriver
Command: [00c5da3759a2e14e1f5f1931bca182c8, clickElement {id=f.790418915C9744569424C1DFE436DF8B.d.1607B24636CC154EB763D734E58CECC0.e.252}]
Capabilities {acceptInsecureCerts: false, browserName: chrome, browserVersion: 124.0.6367.91, chrome: {chromedriverVersion: 124.0.6367.207 (a9001a6e39f..., userDataDir: C:\Users\User\AppData\Local...}, fedcm:accounts: true, goog:chromeOptions: {debuggerAddress: localhost:64457}, networkConnectionEnabled: false, pageLoadStrategy: normal, platformName: windows, proxy: Proxy(), se:cdp: ws://localhost:64457/devtoo..., se:cdpVersion: 124.0.6367.91, setWindowRect: true, strictFileInteractability: false, timeouts: {implicit: 0, pageLoad: 300000, script: 30000}, unhandledPromptBehavior: dismiss and notify, webauthn:extension:credBlob: true, webauthn:extension:largeBlob: true, webauthn:extension:minPinLength: true, webauthn:extension:prf: true, webauthn:virtualAuthenticators: true}
Element: [[ChromeDriver: chrome on windows (00c5da3759a2e14e1f5f1931bca182c8)] -&amp;gt; xpath: //div[text()=&amp;apos;Create&amp;apos;]]
Session ID: 00c5da3759a2e14e1f5f1931bca182c8">
      <![CDATA[org.openqa.selenium.ElementClickInterceptedException: element click intercepted: Element <div class="v-btn__content">...</div> is not clickable at point (881, 476). Other element would receive the click: <div class="v-card__actions modal-footer--sticky">...</div>
  (Session info: chrome=124.0.6367.91)
Build info: version: '4.16.1', revision: '9b4c83354e'
System info: os.name: 'Windows 10', os.arch: 'amd64', os.version: '10.0', java.version: '17.0.11'
Driver info: org.openqa.selenium.chrome.ChromeDriver
Command: [00c5da3759a2e14e1f5f1931bca182c8, clickElement {id=f.790418915C9744569424C1DFE436DF8B.d.1607B24636CC154EB763D734E58CECC0.e.252}]
Capabilities {acceptInsecureCerts: false, browserName: chrome, browserVersion: 124.0.6367.91, chrome: {chromedriverVersion: 124.0.6367.207 (a9001a6e39f..., userDataDir: C:\Users\User\AppData\Local...}, fedcm:accounts: true, goog:chromeOptions: {debuggerAddress: localhost:64457}, networkConnectionEnabled: false, pageLoadStrategy: normal, platformName: windows, proxy: Proxy(), se:cdp: ws://localhost:64457/devtoo..., se:cdpVersion: 124.0.6367.91, setWindowRect: true, strictFileInteractability: false, timeouts: {implicit: 0, pageLoad: 300000, script: 30000}, unhandledPromptBehavior: dismiss and notify, webauthn:extension:credBlob: true, webauthn:extension:largeBlob: true, webauthn:extension:minPinLength: true, webauthn:extension:prf: true, webauthn:virtualAuthenticators: true}
Element: [[ChromeDriver: chrome on windows (00c5da3759a2e14e1f5f1931bca182c8)] -> xpath: //div[text()='Create']]
Session ID: 00c5da3759a2e14e1f5f1931bca182c8
at org.openqa.selenium.remote.codec.w3c.W3CHttpResponseCodec.createException(W3CHttpResponseCodec.java:200)
at org.openqa.selenium.remote.codec.w3c.W3CHttpResponseCodec.decode(W3CHttpResponseCodec.java:133)
at org.openqa.selenium.remote.codec.w3c.W3CHttpResponseCodec.decode(W3CHttpResponseCodec.java:52)
at org.openqa.selenium.remote.HttpCommandExecutor.execute(HttpCommandExecutor.java:191)
at org.openqa.selenium.remote.service.DriverCommandExecutor.invokeExecute(DriverCommandExecutor.java:200)
at org.openqa.selenium.remote.service.DriverCommandExecutor.execute(DriverCommandExecutor.java:175)
at org.openqa.selenium.remote.RemoteWebDriver.execute(RemoteWebDriver.java:523)
at org.openqa.selenium.remote.RemoteWebElement.execute(RemoteWebElement.java:224)
at org.openqa.selenium.remote.RemoteWebElement.click(RemoteWebElement.java:77)
at DooctiAdmin.SeleniumBase.click(SeleniumBase.java:231)
at Doocti107_Admin.Configu_Createion.create_DispowithoutAction(Configu_Createion.java:73)
at java.base/java.util.ArrayList.forEach(ArrayList.java:1511)
... Removed 32 stack frames]]>
    </failure>
  </testcase> <!-- create_DispowithoutAction -->
  <testcase classname="Doocti107_Admin.Configu_Createion" name="create_Subdispo" time="29.781">
    <failure type="org.openqa.selenium.WebDriverException" message="target frame detached
  (failed to check if window was closed: disconnected: Unable to receive message from renderer)
  (Session info: chrome=124.0.6367.91)
Build info: version: &amp;apos;4.16.1&amp;apos;, revision: &amp;apos;9b4c83354e&amp;apos;
System info: os.name: &amp;apos;Windows 10&amp;apos;, os.arch: &amp;apos;amd64&amp;apos;, os.version: &amp;apos;10.0&amp;apos;, java.version: &amp;apos;17.0.11&amp;apos;
Driver info: org.openqa.selenium.chrome.ChromeDriver
Command: [00c5da3759a2e14e1f5f1931bca182c8, findElement {using=xpath, value=(//div[text()=&amp;apos;Test Dispo&amp;apos;])[2]}]
Capabilities {acceptInsecureCerts: false, browserName: chrome, browserVersion: 124.0.6367.91, chrome: {chromedriverVersion: 124.0.6367.207 (a9001a6e39f..., userDataDir: C:\Users\User\AppData\Local...}, fedcm:accounts: true, goog:chromeOptions: {debuggerAddress: localhost:64457}, networkConnectionEnabled: false, pageLoadStrategy: normal, platformName: windows, proxy: Proxy(), se:cdp: ws://localhost:64457/devtoo..., se:cdpVersion: 124.0.6367.91, setWindowRect: true, strictFileInteractability: false, timeouts: {implicit: 0, pageLoad: 300000, script: 30000}, unhandledPromptBehavior: dismiss and notify, webauthn:extension:credBlob: true, webauthn:extension:largeBlob: true, webauthn:extension:minPinLength: true, webauthn:extension:prf: true, webauthn:virtualAuthenticators: true}
Session ID: 00c5da3759a2e14e1f5f1931bca182c8">
      <![CDATA[org.openqa.selenium.WebDriverException: target frame detached
  (failed to check if window was closed: disconnected: Unable to receive message from renderer)
  (Session info: chrome=124.0.6367.91)
Build info: version: '4.16.1', revision: '9b4c83354e'
System info: os.name: 'Windows 10', os.arch: 'amd64', os.version: '10.0', java.version: '17.0.11'
Driver info: org.openqa.selenium.chrome.ChromeDriver
Command: [00c5da3759a2e14e1f5f1931bca182c8, findElement {using=xpath, value=(//div[text()='Test Dispo'])[2]}]
Capabilities {acceptInsecureCerts: false, browserName: chrome, browserVersion: 124.0.6367.91, chrome: {chromedriverVersion: 124.0.6367.207 (a9001a6e39f..., userDataDir: C:\Users\User\AppData\Local...}, fedcm:accounts: true, goog:chromeOptions: {debuggerAddress: localhost:64457}, networkConnectionEnabled: false, pageLoadStrategy: normal, platformName: windows, proxy: Proxy(), se:cdp: ws://localhost:64457/devtoo..., se:cdpVersion: 124.0.6367.91, setWindowRect: true, strictFileInteractability: false, timeouts: {implicit: 0, pageLoad: 300000, script: 30000}, unhandledPromptBehavior: dismiss and notify, webauthn:extension:credBlob: true, webauthn:extension:largeBlob: true, webauthn:extension:minPinLength: true, webauthn:extension:prf: true, webauthn:virtualAuthenticators: true}
Session ID: 00c5da3759a2e14e1f5f1931bca182c8
at org.openqa.selenium.remote.codec.w3c.W3CHttpResponseCodec.createException(W3CHttpResponseCodec.java:200)
at org.openqa.selenium.remote.codec.w3c.W3CHttpResponseCodec.decode(W3CHttpResponseCodec.java:133)
at org.openqa.selenium.remote.codec.w3c.W3CHttpResponseCodec.decode(W3CHttpResponseCodec.java:52)
at org.openqa.selenium.remote.HttpCommandExecutor.execute(HttpCommandExecutor.java:191)
at org.openqa.selenium.remote.service.DriverCommandExecutor.invokeExecute(DriverCommandExecutor.java:200)
at org.openqa.selenium.remote.service.DriverCommandExecutor.execute(DriverCommandExecutor.java:175)
at org.openqa.selenium.remote.RemoteWebDriver.execute(RemoteWebDriver.java:523)
at org.openqa.selenium.remote.ElementLocation$ElementFinder$2.findElement(ElementLocation.java:165)
at org.openqa.selenium.remote.ElementLocation.findElement(ElementLocation.java:59)
at org.openqa.selenium.remote.RemoteWebDriver.findElement(RemoteWebDriver.java:360)
at org.openqa.selenium.remote.RemoteWebDriver.findElement(RemoteWebDriver.java:354)
at Doocti107_Admin.Configu_Createion.create_Subdispo(Configu_Createion.java:92)
at java.base/java.util.ArrayList.forEach(ArrayList.java:1511)
... Removed 32 stack frames]]>
    </failure>
  </testcase> <!-- create_Subdispo -->
  <testcase classname="Doocti107_Admin.Configu_Createion" name="create_LeadStatuswithClosed" time="0.0">
    <skipped/>
  </testcase> <!-- create_LeadStatuswithClosed -->
  <testcase classname="Doocti107_Admin.Configu_Createion" name="create_LeadStatuswithoutClosed" time="0.001">
    <skipped/>
  </testcase> <!-- create_LeadStatuswithoutClosed -->
  <testcase classname="Doocti107_Admin.Configu_Createion" name="create_TicketStatuswithClosed" time="0.0">
    <skipped/>
  </testcase> <!-- create_TicketStatuswithClosed -->
  <testcase classname="Doocti107_Admin.Configu_Createion" name="create_TicketStatuswithoutClosed" time="0.0">
    <skipped/>
  </testcase> <!-- create_TicketStatuswithoutClosed -->
  <testcase classname="Doocti107_Admin.Configu_Createion" name="create_PauseCode" time="0.0">
    <skipped/>
  </testcase> <!-- create_PauseCode -->
  <testcase classname="Doocti107_Admin.Configu_Createion" name="upload_Audio" time="0.0">
    <skipped/>
  </testcase> <!-- upload_Audio -->
  <testcase classname="Doocti107_Admin.Configu_Createion" name="upload_Blocklist" time="0.0">
    <skipped/>
  </testcase> <!-- upload_Blocklist -->
  <testcase classname="Doocti107_Admin.Configu_Createion" name="upload_DNC" time="0.0">
    <skipped/>
  </testcase> <!-- upload_DNC -->
  <testcase classname="Doocti107_Admin.Configu_Createion" name="upload_DID" time="0.0">
    <skipped/>
  </testcase> <!-- upload_DID -->
  <testcase classname="Doocti107_Admin.Configu_Createion" name="create_DID" time="0.0">
    <skipped/>
  </testcase> <!-- create_DID -->
  <testcase classname="Doocti107_Admin.Configu_Createion" name="create_Tag" time="0.0">
    <skipped/>
  </testcase> <!-- create_Tag -->
  <testcase classname="Doocti107_Admin.Configu_Createion" name="create_Announcement" time="0.0">
    <skipped/>
  </testcase> <!-- create_Announcement -->
  <testcase classname="Doocti107_Admin.Configu_Createion" name="create_ScriptURL" time="0.0">
    <skipped/>
  </testcase> <!-- create_ScriptURL -->
  <testcase classname="Doocti107_Admin.Configu_Createion" name="create_ScriptText" time="0.0">
    <skipped/>
  </testcase> <!-- create_ScriptText -->
  <testcase classname="Doocti107_Admin.Configu_Createion" name="create_SLA" time="0.0">
    <skipped/>
  </testcase> <!-- create_SLA -->
  <testcase classname="Doocti107_Admin.Configu_Createion" name="create_Schedule" time="0.0">
    <skipped/>
  </testcase> <!-- create_Schedule -->
  <testcase classname="Doocti107_Admin.Configu_Createion" name="create_InboundwithBlklist" time="0.0">
    <skipped/>
  </testcase> <!-- create_InboundwithBlklist -->
  <testcase classname="Doocti107_Admin.Configu_Createion" name="create_InboundwithoutBlklist" time="0.0">
    <skipped/>
  </testcase> <!-- create_InboundwithoutBlklist -->
  <testcase classname="Doocti107_Admin.Configu_Createion" name="create_OminiChannel" time="0.0">
    <skipped/>
  </testcase> <!-- create_OminiChannel -->
  <testcase classname="Doocti107_Admin.Configu_Createion" name="create_TimeZone" time="0.0">
    <skipped/>
  </testcase> <!-- create_TimeZone -->
  <testcase classname="Doocti107_Admin.Configu_Createion" name="create_Noti" time="0.0">
    <skipped/>
  </testcase> <!-- create_Noti -->
  <testcase classname="Doocti107_Admin.Configu_Createion" name="create_SystemSettingDataLead" time="0.0">
    <skipped/>
  </testcase> <!-- create_SystemSettingDataLead -->
  <testcase classname="Doocti107_Admin.Configu_Createion" name="create_SystemSettingDataTicket" time="0.0">
    <skipped/>
  </testcase> <!-- create_SystemSettingDataTicket -->
  <testcase classname="Doocti107_Admin.Configu_Createion" name="create_MeetingTitle" time="0.001">
    <skipped/>
  </testcase> <!-- create_MeetingTitle -->
  <testcase classname="Doocti107_Admin.Configu_Createion" name="create_Remainder" time="0.0">
    <ignored/>
  </testcase> <!-- create_Remainder -->
</testsuite> <!-- Flow Test -->
