<?xml version="1.0" encoding="UTF-8"?>
<!-- Generated by org.testng.reporters.JUnitXMLReporter -->
<testsuite ignored="8" hostname="DESKTOP-OD30TCI" failures="1" tests="5" name="CRM Creation" time="73.654" errors="0" timestamp="2024-07-11T12:34:15 IST">
  <testcase classname="Doocti107_Admin.CRM_Updation" name="Update_PreviewCampaign" time="37.435">
    <failure type="org.openqa.selenium.NoSuchElementException" message="no such element: Unable to locate element: {&amp;quot;method&amp;quot;:&amp;quot;xpath&amp;quot;,&amp;quot;selector&amp;quot;:&amp;quot;(//div[@class=&amp;apos;v-btn__content&amp;apos;][normalize-space()=&amp;apos;Close&amp;apos;])[4]&amp;quot;}
  (Session info: chrome=126.0.6478.127)
For documentation on this error, please visit: https://www.selenium.dev/documentation/webdriver/troubleshooting/errors#no-such-element-exception
Build info: version: &amp;apos;4.16.1&amp;apos;, revision: &amp;apos;9b4c83354e&amp;apos;
System info: os.name: &amp;apos;Windows 11&amp;apos;, os.arch: &amp;apos;amd64&amp;apos;, os.version: &amp;apos;10.0&amp;apos;, java.version: &amp;apos;17.0.4.1&amp;apos;
Driver info: org.openqa.selenium.chrome.ChromeDriver
Command: [c4b6cedfe624fd2242d6dfc3e5363733, findElement {using=xpath, value=(//div[@class=&amp;apos;v-btn__content&amp;apos;][normalize-space()=&amp;apos;Close&amp;apos;])[4]}]
Capabilities {acceptInsecureCerts: false, browserName: chrome, browserVersion: 126.0.6478.127, chrome: {chromedriverVersion: 126.0.6478.126 (d36ace6122e..., userDataDir: C:\Users\admin\AppData\Loca...}, fedcm:accounts: true, goog:chromeOptions: {debuggerAddress: localhost:49437}, networkConnectionEnabled: false, pageLoadStrategy: normal, platformName: windows, proxy: Proxy(), se:cdp: ws://localhost:49437/devtoo..., se:cdpVersion: 126.0.6478.127, setWindowRect: true, strictFileInteractability: false, timeouts: {implicit: 0, pageLoad: 300000, script: 30000}, unhandledPromptBehavior: dismiss and notify, webauthn:extension:credBlob: true, webauthn:extension:largeBlob: true, webauthn:extension:minPinLength: true, webauthn:extension:prf: true, webauthn:virtualAuthenticators: true}
Session ID: c4b6cedfe624fd2242d6dfc3e5363733">
      <![CDATA[org.openqa.selenium.NoSuchElementException: no such element: Unable to locate element: {"method":"xpath","selector":"(//div[@class='v-btn__content'][normalize-space()='Close'])[4]"}
  (Session info: chrome=126.0.6478.127)
For documentation on this error, please visit: https://www.selenium.dev/documentation/webdriver/troubleshooting/errors#no-such-element-exception
Build info: version: '4.16.1', revision: '9b4c83354e'
System info: os.name: 'Windows 11', os.arch: 'amd64', os.version: '10.0', java.version: '17.0.4.1'
Driver info: org.openqa.selenium.chrome.ChromeDriver
Command: [c4b6cedfe624fd2242d6dfc3e5363733, findElement {using=xpath, value=(//div[@class='v-btn__content'][normalize-space()='Close'])[4]}]
Capabilities {acceptInsecureCerts: false, browserName: chrome, browserVersion: 126.0.6478.127, chrome: {chromedriverVersion: 126.0.6478.126 (d36ace6122e..., userDataDir: C:\Users\admin\AppData\Loca...}, fedcm:accounts: true, goog:chromeOptions: {debuggerAddress: localhost:49437}, networkConnectionEnabled: false, pageLoadStrategy: normal, platformName: windows, proxy: Proxy(), se:cdp: ws://localhost:49437/devtoo..., se:cdpVersion: 126.0.6478.127, setWindowRect: true, strictFileInteractability: false, timeouts: {implicit: 0, pageLoad: 300000, script: 30000}, unhandledPromptBehavior: dismiss and notify, webauthn:extension:credBlob: true, webauthn:extension:largeBlob: true, webauthn:extension:minPinLength: true, webauthn:extension:prf: true, webauthn:virtualAuthenticators: true}
Session ID: c4b6cedfe624fd2242d6dfc3e5363733
at org.openqa.selenium.remote.codec.w3c.W3CHttpResponseCodec.createException(W3CHttpResponseCodec.java:200)
at org.openqa.selenium.remote.codec.w3c.W3CHttpResponseCodec.decode(W3CHttpResponseCodec.java:133)
at org.openqa.selenium.remote.codec.w3c.W3CHttpResponseCodec.decode(W3CHttpResponseCodec.java:52)
at org.openqa.selenium.remote.HttpCommandExecutor.execute(HttpCommandExecutor.java:191)
at org.openqa.selenium.remote.service.DriverCommandExecutor.invokeExecute(DriverCommandExecutor.java:200)
at org.openqa.selenium.remote.service.DriverCommandExecutor.execute(DriverCommandExecutor.java:175)
at org.openqa.selenium.remote.RemoteWebDriver.execute(RemoteWebDriver.java:523)
at org.openqa.selenium.remote.ElementLocation$ElementFinder$2.findElement(ElementLocation.java:165)
at org.openqa.selenium.remote.ElementLocation.findElement(ElementLocation.java:59)
at org.openqa.selenium.remote.RemoteWebDriver.findElement(RemoteWebDriver.java:360)
at org.openqa.selenium.remote.RemoteWebDriver.findElement(RemoteWebDriver.java:354)
at DooctiAdmin.SeleniumBase.element(SeleniumBase.java:160)
at Doocti107_Admin.CRM_Updation.Update_PreviewCampaign(CRM_Updation.java:64)
at java.base/java.util.ArrayList.forEach(ArrayList.java:1511)
... Removed 33 stack frames]]>
    </failure>
  </testcase> <!-- Update_PreviewCampaign -->
  <testcase classname="Doocti107_Admin.CRM_Updation" name="Update_InboundCampaign" time="6.594"/>
  <testcase classname="Doocti107_Admin.CRM_Updation" name="Update_PredictiveCampaign" time="6.685"/>
  <testcase classname="Doocti107_Admin.CRM_Updation" name="Update_PowerCampaign" time="6.772"/>
  <testcase classname="Doocti107_Admin.CRM_Updation" name="Update_VoiceCampaign" time="6.572"/>
  <testcase classname="Doocti107_Admin.CRM_Updation" name="create_Contact" time="0.0">
    <ignored/>
  </testcase> <!-- create_Contact -->
  <testcase classname="Doocti107_Admin.CRM_Updation" name="upload_Leads" time="0.0">
    <ignored/>
  </testcase> <!-- upload_Leads -->
  <testcase classname="Doocti107_Admin.CRM_Updation" name="create_Meeting" time="0.0">
    <ignored/>
  </testcase> <!-- create_Meeting -->
  <testcase classname="Doocti107_Admin.CRM_Updation" name="upload_Contact" time="0.0">
    <ignored/>
  </testcase> <!-- upload_Contact -->
  <testcase classname="Doocti107_Admin.CRM_Updation" name="create_Tickets" time="0.0">
    <ignored/>
  </testcase> <!-- create_Tickets -->
  <testcase classname="Doocti107_Admin.CRM_Updation" name="create_List" time="0.0">
    <ignored/>
  </testcase> <!-- create_List -->
  <testcase classname="Doocti107_Admin.CRM_Updation" name="upload_Lead" time="0.0">
    <ignored/>
  </testcase> <!-- upload_Lead -->
  <testcase classname="Doocti107_Admin.CRM_Updation" name="create_Lead" time="0.0">
    <ignored/>
  </testcase> <!-- create_Lead -->
</testsuite> <!-- CRM Creation -->
