<?xml version="1.0" encoding="UTF-8"?>
<!-- Generated by org.testng.reporters.JUnitXMLReporter -->
<testsuite ignored="14" hostname="DESKTOP-OD30TCI" failures="0" tests="1" name="Creation Flow(failed)(failed)" time="30.171" errors="0" timestamp="2024-07-10T18:29:19 IST">
  <testcase classname="Doocti107_Admin.UserGroupCreatiom" name="@BeforeClass Open_usergroup" time="30.073">
    <failure type="org.openqa.selenium.NoSuchElementException" message="no such element: Unable to locate element: {&amp;quot;method&amp;quot;:&amp;quot;xpath&amp;quot;,&amp;quot;selector&amp;quot;:&amp;quot;//div[text()=&amp;apos;Users &amp;amp; Groups&amp;apos;]&amp;quot;}
  (Session info: chrome=126.0.6478.127)
For documentation on this error, please visit: https://www.selenium.dev/documentation/webdriver/troubleshooting/errors#no-such-element-exception
Build info: version: &amp;apos;4.16.1&amp;apos;, revision: &amp;apos;9b4c83354e&amp;apos;
System info: os.name: &amp;apos;Windows 11&amp;apos;, os.arch: &amp;apos;amd64&amp;apos;, os.version: &amp;apos;10.0&amp;apos;, java.version: &amp;apos;17.0.4.1&amp;apos;
Driver info: org.openqa.selenium.chrome.ChromeDriver
Command: [0ebc451239281a51fda3f86ea2bfbcac, findElement {using=xpath, value=//div[text()=&amp;apos;Users &amp;amp; Groups&amp;apos;]}]
Capabilities {acceptInsecureCerts: false, browserName: chrome, browserVersion: 126.0.6478.127, chrome: {chromedriverVersion: 126.0.6478.126 (d36ace6122e..., userDataDir: C:\Users\admin\AppData\Loca...}, fedcm:accounts: true, goog:chromeOptions: {debuggerAddress: localhost:58798}, networkConnectionEnabled: false, pageLoadStrategy: normal, platformName: windows, proxy: Proxy(), se:cdp: ws://localhost:58798/devtoo..., se:cdpVersion: 126.0.6478.127, setWindowRect: true, strictFileInteractability: false, timeouts: {implicit: 0, pageLoad: 300000, script: 30000}, unhandledPromptBehavior: dismiss and notify, webauthn:extension:credBlob: true, webauthn:extension:largeBlob: true, webauthn:extension:minPinLength: true, webauthn:extension:prf: true, webauthn:virtualAuthenticators: true}
Session ID: 0ebc451239281a51fda3f86ea2bfbcac">
      <![CDATA[org.openqa.selenium.NoSuchElementException: no such element: Unable to locate element: {"method":"xpath","selector":"//div[text()='Users & Groups']"}
  (Session info: chrome=126.0.6478.127)
For documentation on this error, please visit: https://www.selenium.dev/documentation/webdriver/troubleshooting/errors#no-such-element-exception
Build info: version: '4.16.1', revision: '9b4c83354e'
System info: os.name: 'Windows 11', os.arch: 'amd64', os.version: '10.0', java.version: '17.0.4.1'
Driver info: org.openqa.selenium.chrome.ChromeDriver
Command: [0ebc451239281a51fda3f86ea2bfbcac, findElement {using=xpath, value=//div[text()='Users & Groups']}]
Capabilities {acceptInsecureCerts: false, browserName: chrome, browserVersion: 126.0.6478.127, chrome: {chromedriverVersion: 126.0.6478.126 (d36ace6122e..., userDataDir: C:\Users\admin\AppData\Loca...}, fedcm:accounts: true, goog:chromeOptions: {debuggerAddress: localhost:58798}, networkConnectionEnabled: false, pageLoadStrategy: normal, platformName: windows, proxy: Proxy(), se:cdp: ws://localhost:58798/devtoo..., se:cdpVersion: 126.0.6478.127, setWindowRect: true, strictFileInteractability: false, timeouts: {implicit: 0, pageLoad: 300000, script: 30000}, unhandledPromptBehavior: dismiss and notify, webauthn:extension:credBlob: true, webauthn:extension:largeBlob: true, webauthn:extension:minPinLength: true, webauthn:extension:prf: true, webauthn:virtualAuthenticators: true}
Session ID: 0ebc451239281a51fda3f86ea2bfbcac
at org.openqa.selenium.remote.codec.w3c.W3CHttpResponseCodec.createException(W3CHttpResponseCodec.java:200)
at org.openqa.selenium.remote.codec.w3c.W3CHttpResponseCodec.decode(W3CHttpResponseCodec.java:133)
at org.openqa.selenium.remote.codec.w3c.W3CHttpResponseCodec.decode(W3CHttpResponseCodec.java:52)
at org.openqa.selenium.remote.HttpCommandExecutor.execute(HttpCommandExecutor.java:191)
at org.openqa.selenium.remote.service.DriverCommandExecutor.invokeExecute(DriverCommandExecutor.java:200)
at org.openqa.selenium.remote.service.DriverCommandExecutor.execute(DriverCommandExecutor.java:175)
at org.openqa.selenium.remote.RemoteWebDriver.execute(RemoteWebDriver.java:523)
at org.openqa.selenium.remote.ElementLocation$ElementFinder$2.findElement(ElementLocation.java:165)
at org.openqa.selenium.remote.ElementLocation.findElement(ElementLocation.java:59)
at org.openqa.selenium.remote.RemoteWebDriver.findElement(RemoteWebDriver.java:360)
at org.openqa.selenium.remote.RemoteWebDriver.findElement(RemoteWebDriver.java:354)
at Doocti107_Admin.UserGroupCreatiom.Open_usergroup(UserGroupCreatiom.java:25)
at java.base/java.util.ArrayList.forEach(ArrayList.java:1511)
... Removed 30 stack frames]]>
    </failure>
  </testcase> <!-- @BeforeClass Open_usergroup -->
  <testcase classname="Doocti107_Admin.UserGroupCreatiom" name="@AfterClass Close_usergroup" time="-1.720616359048E9">
    <skipped/>
  </testcase> <!-- @AfterClass Close_usergroup -->
  <testcase classname="Doocti107_Admin.UserGroupCreatiom" name="Create_Team" time="0.0">
    <skipped/>
  </testcase> <!-- Create_Team -->
  <testcase classname="Doocti107_Admin.UserGroupCreatiom" name="Delete_Channel" time="0.0">
    <ignored/>
  </testcase> <!-- Delete_Channel -->
  <testcase classname="Doocti107_Admin.UserGroupCreatiom" name="Delete_Team" time="0.0">
    <ignored/>
  </testcase> <!-- Delete_Team -->
  <testcase classname="Doocti107_Admin.UserGroupCreatiom" name="Update_User" time="0.0">
    <ignored/>
  </testcase> <!-- Update_User -->
  <testcase classname="Doocti107_Admin.UserGroupCreatiom" name="Create_Source" time="0.0">
    <ignored/>
  </testcase> <!-- Create_Source -->
  <testcase classname="Doocti107_Admin.UserGroupCreatiom" name="Delete_Usergroup" time="0.0">
    <ignored/>
  </testcase> <!-- Delete_Usergroup -->
  <testcase classname="Doocti107_Admin.UserGroupCreatiom" name="Delete_User" time="0.0">
    <ignored/>
  </testcase> <!-- Delete_User -->
  <testcase classname="Doocti107_Admin.UserGroupCreatiom" name="Create_User" time="0.0">
    <ignored/>
  </testcase> <!-- Create_User -->
  <testcase classname="Doocti107_Admin.UserGroupCreatiom" name="Update_Team" time="0.0">
    <ignored/>
  </testcase> <!-- Update_Team -->
  <testcase classname="Doocti107_Admin.UserGroupCreatiom" name="Delete_Source" time="0.0">
    <ignored/>
  </testcase> <!-- Delete_Source -->
  <testcase classname="Doocti107_Admin.UserGroupCreatiom" name="Update_Usergroups" time="0.0">
    <ignored/>
  </testcase> <!-- Update_Usergroups -->
  <testcase classname="Doocti107_Admin.UserGroupCreatiom" name="Update_Source" time="0.0">
    <ignored/>
  </testcase> <!-- Update_Source -->
  <testcase classname="Doocti107_Admin.UserGroupCreatiom" name="Update_Channel" time="0.0">
    <ignored/>
  </testcase> <!-- Update_Channel -->
  <testcase classname="Doocti107_Admin.UserGroupCreatiom" name="Create_Usergroup" time="0.0">
    <ignored/>
  </testcase> <!-- Create_Usergroup -->
  <testcase classname="Doocti107_Admin.UserGroupCreatiom" name="Create_Channel" time="0.0">
    <ignored/>
  </testcase> <!-- Create_Channel -->
</testsuite> <!-- Creation Flow(failed)(failed) -->
